<?xml version="1.0" encoding="UTF-8"?>
<testsuite xmlns:xsi="http://www.w3.org/2001/XMLSchema-instance" xsi:noNamespaceSchemaLocation="https://maven.apache.org/surefire/maven-surefire-plugin/xsd/surefire-test-report.xsd" name="com.plexus.main.kafkahttpdemo.KafkaHttpDemoApplicationTests" time="0.231" tests="1" errors="1" skipped="0" failures="0">
  <properties>
[...]
</properties>
  <testcase name="com.plexus.main.kafkahttpdemo.KafkaHttpDemoApplicationTests" classname="com.plexus.main.kafkahttpdemo.KafkaHttpDemoApplicationTests" time="0.23">
    <error message="Unable to find a @SpringBootConfiguration, you need to use @ContextConfiguration or @SpringBootTest(classes=...) with your test" type="java.lang.IllegalStateException">java.lang.IllegalStateException: Unable to find a @SpringBootConfiguration, you need to use @ContextConfiguration or @SpringBootTest(classes=...) with your test
</error>
    <system-out><![CDATA[14:10:37.537 [main] DEBUG org.springframework.test.context.BootstrapUtils - Instantiating CacheAwareContextLoaderDelegate from class [org.springframework.test.context.cache.DefaultCacheAwareContextLoaderDelegate]
14:10:37.545 [main] DEBUG org.springframework.test.context.BootstrapUtils - Instantiating BootstrapContext using constructor [public org.springframework.test.context.support.DefaultBootstrapContext(java.lang.Class,org.springframework.test.context.CacheAwareContextLoaderDelegate)]
14:10:37.580 [main] DEBUG org.springframework.test.context.BootstrapUtils - Instantiating TestContextBootstrapper for test class [com.plexus.main.kafkahttpdemo.KafkaHttpDemoApplicationTests] from class [org.springframework.boot.test.context.SpringBootTestContextBootstrapper]
14:10:37.592 [main] INFO org.springframework.boot.test.context.SpringBootTestContextBootstrapper - Neither @ContextConfiguration nor @ContextHierarchy found for test class [com.plexus.main.kafkahttpdemo.KafkaHttpDemoApplicationTests], using SpringBootContextLoader
14:10:37.596 [main] DEBUG org.springframework.test.context.support.AbstractContextLoader - Did not detect default resource location for test class [com.plexus.main.kafkahttpdemo.KafkaHttpDemoApplicationTests]: class path resource [com/plexus/main/kafkahttpdemo/KafkaHttpDemoApplicationTests-context.xml] does not exist
14:10:37.596 [main] DEBUG org.springframework.test.context.support.AbstractContextLoader - Did not detect default resource location for test class [com.plexus.main.kafkahttpdemo.KafkaHttpDemoApplicationTests]: class path resource [com/plexus/main/kafkahttpdemo/KafkaHttpDemoApplicationTestsContext.groovy] does not exist
14:10:37.596 [main] INFO org.springframework.test.context.support.AbstractContextLoader - Could not detect default resource locations for test class [com.plexus.main.kafkahttpdemo.KafkaHttpDemoApplicationTests]: no resource found for suffixes {-context.xml, Context.groovy}.
14:10:37.597 [main] INFO org.springframework.test.context.support.AnnotationConfigContextLoaderUtils - Could not detect default configuration classes for test class [com.plexus.main.kafkahttpdemo.KafkaHttpDemoApplicationTests]: KafkaHttpDemoApplicationTests does not declare any static, non-private, non-final, nested classes annotated with @Configuration.
14:10:37.645 [main] DEBUG org.springframework.test.context.support.ActiveProfilesUtils - Could not find an 'annotation declaring class' for annotation type [org.springframework.test.context.ActiveProfiles] and class [com.plexus.main.kafkahttpdemo.KafkaHttpDemoApplicationTests]
]]></system-out>
  </testcase>
</testsuite>